** ComfyUI startup time: 2024-04-03 21:59:43.968648
[2024-04-03 21:59] ** Platform: Windows
[2024-04-03 21:59] ** Python version: 3.11.5 | packaged by Anaconda, Inc. | (main, Sep 11 2023, 13:26:23) [MSC v.1916 64 bit (AMD64)]
[2024-04-03 21:59] ** Python executable: C:\Users\Kyle\anaconda3\python.exe
[2024-04-03 21:59] ** Log path: C:\Users\Kyle\Desktop\LACE\comfyui.log
[2024-04-03 21:59] 
Prestartup times for custom nodes:
[2024-04-03 21:59]    0.1 seconds: C:\Users\Kyle\Desktop\LACE\custom_nodes\ComfyUI-Manager
[2024-04-03 21:59] 
[2024-04-03 21:59] Total VRAM 24576 MB, total RAM 97473 MB
[2024-04-03 21:59] Set vram state to: NORMAL_VRAM
[2024-04-03 21:59] Device: cuda:0 NVIDIA GeForce RTX 3090 : cudaMallocAsync
[2024-04-03 21:59] VAE dtype: torch.bfloat16
[2024-04-03 21:59] Using pytorch cross attention
[2024-04-03 21:59] ### Loading: ComfyUI-Manager (V2.15)
[2024-04-03 21:59] ### ComfyUI Revision: 19 on 'main' [f1915c72] | Released on '2024-04-03'
[2024-04-03 21:59] [93mEfficiency Nodes Warning:[0m Failed to import python package 'simpleeval'; related nodes disabled.
[2024-04-03 21:59] 
[2024-04-03 21:59] 
Import times for custom nodes:
[2024-04-03 21:59]    0.0 seconds: C:\Users\Kyle\Desktop\LACE\custom_nodes\ComfyUI-CADS
[2024-04-03 21:59] [ComfyUI-Manager] default cache updated: https://raw.githubusercontent.com/ltdrdata/ComfyUI-Manager/main/alter-list.json   0.0 seconds:
[2024-04-03 21:59]  C:\Users\Kyle\Desktop\LACE\custom_nodes\comfyui-popup_preview
[2024-04-03 21:59]    0.0 seconds: C:\Users\Kyle\Desktop\LACE\custom_nodes\step-slider
[2024-04-03 21:59]    0.0 seconds: C:\Users\Kyle\Desktop\LACE\custom_nodes\comfyui-photoshop
[2024-04-03 21:59]    0.1 seconds: C:\Users\Kyle\Desktop\LACE\custom_nodes\LACE
[2024-04-03 21:59]    0.1 seconds: C:\Users\Kyle\Desktop\LACE\custom_nodes\ComfyUI-Manager
[2024-04-03 21:59] 
[2024-04-03 21:59] [ComfyUI-Manager] default cache updated: https://raw.githubusercontent.com/ltdrdata/ComfyUI-Manager/main/custom-node-list.json
[2024-04-03 21:59] Starting server
[2024-04-03 21:59] 
[2024-04-03 21:59] To see the GUI go to: http://127.0.0.1:8188
[2024-04-03 21:59] [ComfyUI-Manager] default cache updated: https://raw.githubusercontent.com/ltdrdata/ComfyUI-Manager/main/extension-node-map.json
[2024-04-03 21:59] [ComfyUI-Manager] default cache updated: https://raw.githubusercontent.com/ltdrdata/ComfyUI-Manager/main/model-list.json
[2024-04-03 21:59] FETCH DATA from: C:\Users\Kyle\Desktop\LACE\custom_nodes\ComfyUI-Manager\extension-node-map.json
[2024-04-03 22:00] got prompt
C:\Users\Kyle\anaconda3\Lib\site-packages\torch\_utils.py:831: UserWarning: TypedStorage is deprecated. It will be removed in the future and UntypedStorage will be the only storage class. This should only matter to you if you are using storages directly.  To access UntypedStorage directly, use tensor.untyped_storage() instead of tensor.storage()
  return self.fget.__get__(instance, owner)()
[2024-04-03 22:00] [] []
[2024-04-03 22:00] lora key not loaded unet.down_blocks.0.attentions.0.transformer_blocks.0.attn1.to_k.lora.down.weight
[2024-04-03 22:00] lora key not loaded unet.down_blocks.0.attentions.0.transformer_blocks.0.attn1.to_k.lora.up.weight
[2024-04-03 22:00] lora key not loaded unet.down_blocks.0.attentions.0.transformer_blocks.0.attn1.to_out.0.lora.down.weight
[2024-04-03 22:00] lora key not loaded unet.down_blocks.0.attentions.0.transformer_blocks.0.attn1.to_out.0.lora.up.weight
[2024-04-03 22:00] lora key not loaded unet.down_blocks.0.attentions.0.transformer_blocks.0.attn1.to_q.lora.down.weight
[2024-04-03 22:00] lora key not loaded unet.down_blocks.0.attentions.0.transformer_blocks.0.attn1.to_q.lora.up.weight
[2024-04-03 22:00] lora key not loaded unet.down_blocks.0.attentions.0.transformer_blocks.0.attn1.to_v.lora.down.weight
[2024-04-03 22:00] lora key not loaded unet.down_blocks.0.attentions.0.transformer_blocks.0.attn1.to_v.lora.up.weight
[2024-04-03 22:00] lora key not loaded unet.down_blocks.0.attentions.0.transformer_blocks.0.attn2.to_k.lora.down.weight
[2024-04-03 22:00] lora key not loaded unet.down_blocks.0.attentions.0.transformer_blocks.0.attn2.to_k.lora.up.weight
[2024-04-03 22:00] lora key not loaded unet.down_blocks.0.attentions.0.transformer_blocks.0.attn2.to_out.0.lora.down.weight
[2024-04-03 22:00] lora key not loaded unet.down_blocks.0.attentions.0.transformer_blocks.0.attn2.to_out.0.lora.up.weight
[2024-04-03 22:00] lora key not loaded unet.down_blocks.0.attentions.0.transformer_blocks.0.attn2.to_q.lora.down.weight
[2024-04-03 22:00] lora key not loaded unet.down_blocks.0.attentions.0.transformer_blocks.0.attn2.to_q.lora.up.weight
[2024-04-03 22:00] lora key not loaded unet.down_blocks.0.attentions.0.transformer_blocks.0.attn2.to_v.lora.down.weight
[2024-04-03 22:00] lora key not loaded unet.down_blocks.0.attentions.0.transformer_blocks.0.attn2.to_v.lora.up.weight
[2024-04-03 22:00] lora key not loaded unet.down_blocks.0.attentions.1.transformer_blocks.0.attn1.to_k.lora.down.weight
[2024-04-03 22:00] lora key not loaded unet.down_blocks.0.attentions.1.transformer_blocks.0.attn1.to_k.lora.up.weight
[2024-04-03 22:00] lora key not loaded unet.down_blocks.0.attentions.1.transformer_blocks.0.attn1.to_out.0.lora.down.weight
[2024-04-03 22:00] lora key not loaded unet.down_blocks.0.attentions.1.transformer_blocks.0.attn1.to_out.0.lora.up.weight
[2024-04-03 22:00] lora key not loaded unet.down_blocks.0.attentions.1.transformer_blocks.0.attn1.to_q.lora.down.weight
[2024-04-03 22:00] lora key not loaded unet.down_blocks.0.attentions.1.transformer_blocks.0.attn1.to_q.lora.up.weight
[2024-04-03 22:00] lora key not loaded unet.down_blocks.0.attentions.1.transformer_blocks.0.attn1.to_v.lora.down.weight
[2024-04-03 22:00] lora key not loaded unet.down_blocks.0.attentions.1.transformer_blocks.0.attn1.to_v.lora.up.weight
[2024-04-03 22:00] lora key not loaded unet.down_blocks.0.attentions.1.transformer_blocks.0.attn2.to_k.lora.down.weight
[2024-04-03 22:00] lora key not loaded unet.down_blocks.0.attentions.1.transformer_blocks.0.attn2.to_k.lora.up.weight
[2024-04-03 22:00] lora key not loaded unet.down_blocks.0.attentions.1.transformer_blocks.0.attn2.to_out.0.lora.down.weight
[2024-04-03 22:00] lora key not loaded unet.down_blocks.0.attentions.1.transformer_blocks.0.attn2.to_out.0.lora.up.weight
[2024-04-03 22:00] lora key not loaded unet.down_blocks.0.attentions.1.transformer_blocks.0.attn2.to_q.lora.down.weight
[2024-04-03 22:00] lora key not loaded unet.down_blocks.0.attentions.1.transformer_blocks.0.attn2.to_q.lora.up.weight
[2024-04-03 22:00] lora key not loaded unet.down_blocks.0.attentions.1.transformer_blocks.0.attn2.to_v.lora.down.weight
[2024-04-03 22:00] lora key not loaded unet.down_blocks.0.attentions.1.transformer_blocks.0.attn2.to_v.lora.up.weight
[2024-04-03 22:00] lora key not loaded unet.down_blocks.1.attentions.0.transformer_blocks.0.attn1.to_k.lora.down.weight
[2024-04-03 22:00] lora key not loaded unet.down_blocks.1.attentions.0.transformer_blocks.0.attn1.to_k.lora.up.weight
[2024-04-03 22:00] lora key not loaded unet.down_blocks.1.attentions.0.transformer_blocks.0.attn1.to_out.0.lora.down.weight
[2024-04-03 22:00] lora key not loaded unet.down_blocks.1.attentions.0.transformer_blocks.0.attn1.to_out.0.lora.up.weight
[2024-04-03 22:00] lora key not loaded unet.down_blocks.1.attentions.0.transformer_blocks.0.attn1.to_q.lora.down.weight
[2024-04-03 22:00] lora key not loaded unet.down_blocks.1.attentions.0.transformer_blocks.0.attn1.to_q.lora.up.weight
[2024-04-03 22:00] lora key not loaded unet.down_blocks.1.attentions.0.transformer_blocks.0.attn1.to_v.lora.down.weight
[2024-04-03 22:00] lora key not loaded unet.down_blocks.1.attentions.0.transformer_blocks.0.attn1.to_v.lora.up.weight
[2024-04-03 22:00] lora key not loaded unet.down_blocks.1.attentions.0.transformer_blocks.0.attn2.to_k.lora.down.weight
[2024-04-03 22:00] lora key not loaded unet.down_blocks.1.attentions.0.transformer_blocks.0.attn2.to_k.lora.up.weight
[2024-04-03 22:00] lora key not loaded unet.down_blocks.1.attentions.0.transformer_blocks.0.attn2.to_out.0.lora.down.weight
[2024-04-03 22:00] lora key not loaded unet.down_blocks.1.attentions.0.transformer_blocks.0.attn2.to_out.0.lora.up.weight
[2024-04-03 22:00] lora key not loaded unet.down_blocks.1.attentions.0.transformer_blocks.0.attn2.to_q.lora.down.weight
[2024-04-03 22:00] lora key not loaded unet.down_blocks.1.attentions.0.transformer_blocks.0.attn2.to_q.lora.up.weight
[2024-04-03 22:00] lora key not loaded unet.down_blocks.1.attentions.0.transformer_blocks.0.attn2.to_v.lora.down.weight
[2024-04-03 22:00] lora key not loaded unet.down_blocks.1.attentions.0.transformer_blocks.0.attn2.to_v.lora.up.weight
[2024-04-03 22:00] lora key not loaded unet.down_blocks.1.attentions.1.transformer_blocks.0.attn1.to_k.lora.down.weight
[2024-04-03 22:00] lora key not loaded unet.down_blocks.1.attentions.1.transformer_blocks.0.attn1.to_k.lora.up.weight
[2024-04-03 22:00] lora key not loaded unet.down_blocks.1.attentions.1.transformer_blocks.0.attn1.to_out.0.lora.down.weight
[2024-04-03 22:00] lora key not loaded unet.down_blocks.1.attentions.1.transformer_blocks.0.attn1.to_out.0.lora.up.weight
[2024-04-03 22:00] lora key not loaded unet.down_blocks.1.attentions.1.transformer_blocks.0.attn1.to_q.lora.down.weight
[2024-04-03 22:00] lora key not loaded unet.down_blocks.1.attentions.1.transformer_blocks.0.attn1.to_q.lora.up.weight
[2024-04-03 22:00] lora key not loaded unet.down_blocks.1.attentions.1.transformer_blocks.0.attn1.to_v.lora.down.weight
[2024-04-03 22:00] lora key not loaded unet.down_blocks.1.attentions.1.transformer_blocks.0.attn1.to_v.lora.up.weight
[2024-04-03 22:00] lora key not loaded unet.down_blocks.1.attentions.1.transformer_blocks.0.attn2.to_k.lora.down.weight
[2024-04-03 22:00] lora key not loaded unet.down_blocks.1.attentions.1.transformer_blocks.0.attn2.to_k.lora.up.weight
[2024-04-03 22:00] lora key not loaded unet.down_blocks.1.attentions.1.transformer_blocks.0.attn2.to_out.0.lora.down.weight
[2024-04-03 22:00] lora key not loaded unet.down_blocks.1.attentions.1.transformer_blocks.0.attn2.to_out.0.lora.up.weight
[2024-04-03 22:00] lora key not loaded unet.down_blocks.1.attentions.1.transformer_blocks.0.attn2.to_q.lora.down.weight
[2024-04-03 22:00] lora key not loaded unet.down_blocks.1.attentions.1.transformer_blocks.0.attn2.to_q.lora.up.weight
[2024-04-03 22:00] lora key not loaded unet.down_blocks.1.attentions.1.transformer_blocks.0.attn2.to_v.lora.down.weight
[2024-04-03 22:00] lora key not loaded unet.down_blocks.1.attentions.1.transformer_blocks.0.attn2.to_v.lora.up.weight
[2024-04-03 22:00] lora key not loaded unet.down_blocks.2.attentions.0.transformer_blocks.0.attn1.to_k.lora.down.weight
[2024-04-03 22:00] lora key not loaded unet.down_blocks.2.attentions.0.transformer_blocks.0.attn1.to_k.lora.up.weight
[2024-04-03 22:00] lora key not loaded unet.down_blocks.2.attentions.0.transformer_blocks.0.attn1.to_out.0.lora.down.weight
[2024-04-03 22:00] lora key not loaded unet.down_blocks.2.attentions.0.transformer_blocks.0.attn1.to_out.0.lora.up.weight
[2024-04-03 22:00] lora key not loaded unet.down_blocks.2.attentions.0.transformer_blocks.0.attn1.to_q.lora.down.weight
[2024-04-03 22:00] lora key not loaded unet.down_blocks.2.attentions.0.transformer_blocks.0.attn1.to_q.lora.up.weight
[2024-04-03 22:00] lora key not loaded unet.down_blocks.2.attentions.0.transformer_blocks.0.attn1.to_v.lora.down.weight
[2024-04-03 22:00] lora key not loaded unet.down_blocks.2.attentions.0.transformer_blocks.0.attn1.to_v.lora.up.weight
[2024-04-03 22:00] lora key not loaded unet.down_blocks.2.attentions.0.transformer_blocks.0.attn2.to_k.lora.down.weight
[2024-04-03 22:00] lora key not loaded unet.down_blocks.2.attentions.0.transformer_blocks.0.attn2.to_k.lora.up.weight
[2024-04-03 22:00] lora key not loaded unet.down_blocks.2.attentions.0.transformer_blocks.0.attn2.to_out.0.lora.down.weight
[2024-04-03 22:00] lora key not loaded unet.down_blocks.2.attentions.0.transformer_blocks.0.attn2.to_out.0.lora.up.weight
[2024-04-03 22:00] lora key not loaded unet.down_blocks.2.attentions.0.transformer_blocks.0.attn2.to_q.lora.down.weight
[2024-04-03 22:00] lora key not loaded unet.down_blocks.2.attentions.0.transformer_blocks.0.attn2.to_q.lora.up.weight
[2024-04-03 22:00] lora key not loaded unet.down_blocks.2.attentions.0.transformer_blocks.0.attn2.to_v.lora.down.weight
[2024-04-03 22:00] lora key not loaded unet.down_blocks.2.attentions.0.transformer_blocks.0.attn2.to_v.lora.up.weight
[2024-04-03 22:00] lora key not loaded unet.down_blocks.2.attentions.1.transformer_blocks.0.attn1.to_k.lora.down.weight
[2024-04-03 22:00] lora key not loaded unet.down_blocks.2.attentions.1.transformer_blocks.0.attn1.to_k.lora.up.weight
[2024-04-03 22:00] lora key not loaded unet.down_blocks.2.attentions.1.transformer_blocks.0.attn1.to_out.0.lora.down.weight
[2024-04-03 22:00] lora key not loaded unet.down_blocks.2.attentions.1.transformer_blocks.0.attn1.to_out.0.lora.up.weight
[2024-04-03 22:00] lora key not loaded unet.down_blocks.2.attentions.1.transformer_blocks.0.attn1.to_q.lora.down.weight
[2024-04-03 22:00] lora key not loaded unet.down_blocks.2.attentions.1.transformer_blocks.0.attn1.to_q.lora.up.weight
[2024-04-03 22:00] lora key not loaded unet.down_blocks.2.attentions.1.transformer_blocks.0.attn1.to_v.lora.down.weight
[2024-04-03 22:00] lora key not loaded unet.down_blocks.2.attentions.1.transformer_blocks.0.attn1.to_v.lora.up.weight
[2024-04-03 22:00] lora key not loaded unet.down_blocks.2.attentions.1.transformer_blocks.0.attn2.to_k.lora.down.weight
[2024-04-03 22:00] lora key not loaded unet.down_blocks.2.attentions.1.transformer_blocks.0.attn2.to_k.lora.up.weight
[2024-04-03 22:00] lora key not loaded unet.down_blocks.2.attentions.1.transformer_blocks.0.attn2.to_out.0.lora.down.weight
[2024-04-03 22:00] lora key not loaded unet.down_blocks.2.attentions.1.transformer_blocks.0.attn2.to_out.0.lora.up.weight
[2024-04-03 22:00] lora key not loaded unet.down_blocks.2.attentions.1.transformer_blocks.0.attn2.to_q.lora.down.weight
[2024-04-03 22:00] lora key not loaded unet.down_blocks.2.attentions.1.transformer_blocks.0.attn2.to_q.lora.up.weight
[2024-04-03 22:00] lora key not loaded unet.down_blocks.2.attentions.1.transformer_blocks.0.attn2.to_v.lora.down.weight
[2024-04-03 22:00] lora key not loaded unet.down_blocks.2.attentions.1.transformer_blocks.0.attn2.to_v.lora.up.weight
[2024-04-03 22:00] lora key not loaded unet.mid_block.attentions.0.transformer_blocks.0.attn1.to_k.lora.down.weight
[2024-04-03 22:00] lora key not loaded unet.mid_block.attentions.0.transformer_blocks.0.attn1.to_k.lora.up.weight
[2024-04-03 22:00] lora key not loaded unet.mid_block.attentions.0.transformer_blocks.0.attn1.to_out.0.lora.down.weight
[2024-04-03 22:00] lora key not loaded unet.mid_block.attentions.0.transformer_blocks.0.attn1.to_out.0.lora.up.weight
[2024-04-03 22:00] lora key not loaded unet.mid_block.attentions.0.transformer_blocks.0.attn1.to_q.lora.down.weight
[2024-04-03 22:00] lora key not loaded unet.mid_block.attentions.0.transformer_blocks.0.attn1.to_q.lora.up.weight
[2024-04-03 22:00] lora key not loaded unet.mid_block.attentions.0.transformer_blocks.0.attn1.to_v.lora.down.weight
[2024-04-03 22:00] lora key not loaded unet.mid_block.attentions.0.transformer_blocks.0.attn1.to_v.lora.up.weight
[2024-04-03 22:00] lora key not loaded unet.mid_block.attentions.0.transformer_blocks.0.attn2.to_k.lora.down.weight
[2024-04-03 22:00] lora key not loaded unet.mid_block.attentions.0.transformer_blocks.0.attn2.to_k.lora.up.weight
[2024-04-03 22:00] lora key not loaded unet.mid_block.attentions.0.transformer_blocks.0.attn2.to_out.0.lora.down.weight
[2024-04-03 22:00] lora key not loaded unet.mid_block.attentions.0.transformer_blocks.0.attn2.to_out.0.lora.up.weight
[2024-04-03 22:00] lora key not loaded unet.mid_block.attentions.0.transformer_blocks.0.attn2.to_q.lora.down.weight
[2024-04-03 22:00] lora key not loaded unet.mid_block.attentions.0.transformer_blocks.0.attn2.to_q.lora.up.weight
[2024-04-03 22:00] lora key not loaded unet.mid_block.attentions.0.transformer_blocks.0.attn2.to_v.lora.down.weight
[2024-04-03 22:00] lora key not loaded unet.mid_block.attentions.0.transformer_blocks.0.attn2.to_v.lora.up.weight
[2024-04-03 22:00] lora key not loaded unet.up_blocks.1.attentions.0.transformer_blocks.0.attn1.to_k.lora.down.weight
[2024-04-03 22:00] lora key not loaded unet.up_blocks.1.attentions.0.transformer_blocks.0.attn1.to_k.lora.up.weight
[2024-04-03 22:00] lora key not loaded unet.up_blocks.1.attentions.0.transformer_blocks.0.attn1.to_out.0.lora.down.weight
[2024-04-03 22:00] lora key not loaded unet.up_blocks.1.attentions.0.transformer_blocks.0.attn1.to_out.0.lora.up.weight
[2024-04-03 22:00] lora key not loaded unet.up_blocks.1.attentions.0.transformer_blocks.0.attn1.to_q.lora.down.weight
[2024-04-03 22:00] lora key not loaded unet.up_blocks.1.attentions.0.transformer_blocks.0.attn1.to_q.lora.up.weight
[2024-04-03 22:00] lora key not loaded unet.up_blocks.1.attentions.0.transformer_blocks.0.attn1.to_v.lora.down.weight
[2024-04-03 22:00] lora key not loaded unet.up_blocks.1.attentions.0.transformer_blocks.0.attn1.to_v.lora.up.weight
[2024-04-03 22:00] lora key not loaded unet.up_blocks.1.attentions.0.transformer_blocks.0.attn2.to_k.lora.down.weight
[2024-04-03 22:00] lora key not loaded unet.up_blocks.1.attentions.0.transformer_blocks.0.attn2.to_k.lora.up.weight
[2024-04-03 22:00] lora key not loaded unet.up_blocks.1.attentions.0.transformer_blocks.0.attn2.to_out.0.lora.down.weight
[2024-04-03 22:00] lora key not loaded unet.up_blocks.1.attentions.0.transformer_blocks.0.attn2.to_out.0.lora.up.weight
[2024-04-03 22:00] lora key not loaded unet.up_blocks.1.attentions.0.transformer_blocks.0.attn2.to_q.lora.down.weight
[2024-04-03 22:00] lora key not loaded unet.up_blocks.1.attentions.0.transformer_blocks.0.attn2.to_q.lora.up.weight
[2024-04-03 22:00] lora key not loaded unet.up_blocks.1.attentions.0.transformer_blocks.0.attn2.to_v.lora.down.weight
[2024-04-03 22:00] lora key not loaded unet.up_blocks.1.attentions.0.transformer_blocks.0.attn2.to_v.lora.up.weight
[2024-04-03 22:00] lora key not loaded unet.up_blocks.1.attentions.1.transformer_blocks.0.attn1.to_k.lora.down.weight
[2024-04-03 22:00] lora key not loaded unet.up_blocks.1.attentions.1.transformer_blocks.0.attn1.to_k.lora.up.weight
[2024-04-03 22:00] lora key not loaded unet.up_blocks.1.attentions.1.transformer_blocks.0.attn1.to_out.0.lora.down.weight
[2024-04-03 22:00] lora key not loaded unet.up_blocks.1.attentions.1.transformer_blocks.0.attn1.to_out.0.lora.up.weight
[2024-04-03 22:00] lora key not loaded unet.up_blocks.1.attentions.1.transformer_blocks.0.attn1.to_q.lora.down.weight
[2024-04-03 22:00] lora key not loaded unet.up_blocks.1.attentions.1.transformer_blocks.0.attn1.to_q.lora.up.weight
[2024-04-03 22:00] lora key not loaded unet.up_blocks.1.attentions.1.transformer_blocks.0.attn1.to_v.lora.down.weight
[2024-04-03 22:00] lora key not loaded unet.up_blocks.1.attentions.1.transformer_blocks.0.attn1.to_v.lora.up.weight
[2024-04-03 22:00] lora key not loaded unet.up_blocks.1.attentions.1.transformer_blocks.0.attn2.to_k.lora.down.weight
[2024-04-03 22:00] lora key not loaded unet.up_blocks.1.attentions.1.transformer_blocks.0.attn2.to_k.lora.up.weight
[2024-04-03 22:00] lora key not loaded unet.up_blocks.1.attentions.1.transformer_blocks.0.attn2.to_out.0.lora.down.weight
[2024-04-03 22:00] lora key not loaded unet.up_blocks.1.attentions.1.transformer_blocks.0.attn2.to_out.0.lora.up.weight
[2024-04-03 22:00] lora key not loaded unet.up_blocks.1.attentions.1.transformer_blocks.0.attn2.to_q.lora.down.weight
[2024-04-03 22:00] lora key not loaded unet.up_blocks.1.attentions.1.transformer_blocks.0.attn2.to_q.lora.up.weight
[2024-04-03 22:00] lora key not loaded unet.up_blocks.1.attentions.1.transformer_blocks.0.attn2.to_v.lora.down.weight
[2024-04-03 22:00] lora key not loaded unet.up_blocks.1.attentions.1.transformer_blocks.0.attn2.to_v.lora.up.weight
[2024-04-03 22:00] lora key not loaded unet.up_blocks.1.attentions.2.transformer_blocks.0.attn1.to_k.lora.down.weight
[2024-04-03 22:00] lora key not loaded unet.up_blocks.1.attentions.2.transformer_blocks.0.attn1.to_k.lora.up.weight
[2024-04-03 22:00] lora key not loaded unet.up_blocks.1.attentions.2.transformer_blocks.0.attn1.to_out.0.lora.down.weight
[2024-04-03 22:00] lora key not loaded unet.up_blocks.1.attentions.2.transformer_blocks.0.attn1.to_out.0.lora.up.weight
[2024-04-03 22:00] lora key not loaded unet.up_blocks.1.attentions.2.transformer_blocks.0.attn1.to_q.lora.down.weight
[2024-04-03 22:00] lora key not loaded unet.up_blocks.1.attentions.2.transformer_blocks.0.attn1.to_q.lora.up.weight
[2024-04-03 22:00] lora key not loaded unet.up_blocks.1.attentions.2.transformer_blocks.0.attn1.to_v.lora.down.weight
[2024-04-03 22:00] lora key not loaded unet.up_blocks.1.attentions.2.transformer_blocks.0.attn1.to_v.lora.up.weight
[2024-04-03 22:00] lora key not loaded unet.up_blocks.1.attentions.2.transformer_blocks.0.attn2.to_k.lora.down.weight
[2024-04-03 22:00] lora key not loaded unet.up_blocks.1.attentions.2.transformer_blocks.0.attn2.to_k.lora.up.weight
[2024-04-03 22:00] lora key not loaded unet.up_blocks.1.attentions.2.transformer_blocks.0.attn2.to_out.0.lora.down.weight
[2024-04-03 22:00] lora key not loaded unet.up_blocks.1.attentions.2.transformer_blocks.0.attn2.to_out.0.lora.up.weight
[2024-04-03 22:00] lora key not loaded unet.up_blocks.1.attentions.2.transformer_blocks.0.attn2.to_q.lora.down.weight
[2024-04-03 22:00] lora key not loaded unet.up_blocks.1.attentions.2.transformer_blocks.0.attn2.to_q.lora.up.weight
[2024-04-03 22:00] lora key not loaded unet.up_blocks.1.attentions.2.transformer_blocks.0.attn2.to_v.lora.down.weight
[2024-04-03 22:00] lora key not loaded unet.up_blocks.1.attentions.2.transformer_blocks.0.attn2.to_v.lora.up.weight
[2024-04-03 22:00] lora key not loaded unet.up_blocks.2.attentions.0.transformer_blocks.0.attn1.to_k.lora.down.weight
[2024-04-03 22:00] lora key not loaded unet.up_blocks.2.attentions.0.transformer_blocks.0.attn1.to_k.lora.up.weight
[2024-04-03 22:00] lora key not loaded unet.up_blocks.2.attentions.0.transformer_blocks.0.attn1.to_out.0.lora.down.weight
[2024-04-03 22:00] lora key not loaded unet.up_blocks.2.attentions.0.transformer_blocks.0.attn1.to_out.0.lora.up.weight
[2024-04-03 22:00] lora key not loaded unet.up_blocks.2.attentions.0.transformer_blocks.0.attn1.to_q.lora.down.weight
[2024-04-03 22:00] lora key not loaded unet.up_blocks.2.attentions.0.transformer_blocks.0.attn1.to_q.lora.up.weight
[2024-04-03 22:00] lora key not loaded unet.up_blocks.2.attentions.0.transformer_blocks.0.attn1.to_v.lora.down.weight
[2024-04-03 22:00] lora key not loaded unet.up_blocks.2.attentions.0.transformer_blocks.0.attn1.to_v.lora.up.weight
[2024-04-03 22:00] lora key not loaded unet.up_blocks.2.attentions.0.transformer_blocks.0.attn2.to_k.lora.down.weight
[2024-04-03 22:00] lora key not loaded unet.up_blocks.2.attentions.0.transformer_blocks.0.attn2.to_k.lora.up.weight
[2024-04-03 22:00] lora key not loaded unet.up_blocks.2.attentions.0.transformer_blocks.0.attn2.to_out.0.lora.down.weight
[2024-04-03 22:00] lora key not loaded unet.up_blocks.2.attentions.0.transformer_blocks.0.attn2.to_out.0.lora.up.weight
[2024-04-03 22:00] lora key not loaded unet.up_blocks.2.attentions.0.transformer_blocks.0.attn2.to_q.lora.down.weight
[2024-04-03 22:00] lora key not loaded unet.up_blocks.2.attentions.0.transformer_blocks.0.attn2.to_q.lora.up.weight
[2024-04-03 22:00] lora key not loaded unet.up_blocks.2.attentions.0.transformer_blocks.0.attn2.to_v.lora.down.weight
[2024-04-03 22:00] lora key not loaded unet.up_blocks.2.attentions.0.transformer_blocks.0.attn2.to_v.lora.up.weight
[2024-04-03 22:00] lora key not loaded unet.up_blocks.2.attentions.1.transformer_blocks.0.attn1.to_k.lora.down.weight
[2024-04-03 22:00] lora key not loaded unet.up_blocks.2.attentions.1.transformer_blocks.0.attn1.to_k.lora.up.weight
[2024-04-03 22:00] lora key not loaded unet.up_blocks.2.attentions.1.transformer_blocks.0.attn1.to_out.0.lora.down.weight
[2024-04-03 22:00] lora key not loaded unet.up_blocks.2.attentions.1.transformer_blocks.0.attn1.to_out.0.lora.up.weight
[2024-04-03 22:00] lora key not loaded unet.up_blocks.2.attentions.1.transformer_blocks.0.attn1.to_q.lora.down.weight
[2024-04-03 22:00] lora key not loaded unet.up_blocks.2.attentions.1.transformer_blocks.0.attn1.to_q.lora.up.weight
[2024-04-03 22:00] lora key not loaded unet.up_blocks.2.attentions.1.transformer_blocks.0.attn1.to_v.lora.down.weight
[2024-04-03 22:00] lora key not loaded unet.up_blocks.2.attentions.1.transformer_blocks.0.attn1.to_v.lora.up.weight
[2024-04-03 22:00] lora key not loaded unet.up_blocks.2.attentions.1.transformer_blocks.0.attn2.to_k.lora.down.weight
[2024-04-03 22:00] lora key not loaded unet.up_blocks.2.attentions.1.transformer_blocks.0.attn2.to_k.lora.up.weight
[2024-04-03 22:00] lora key not loaded unet.up_blocks.2.attentions.1.transformer_blocks.0.attn2.to_out.0.lora.down.weight
[2024-04-03 22:00] lora key not loaded unet.up_blocks.2.attentions.1.transformer_blocks.0.attn2.to_out.0.lora.up.weight
[2024-04-03 22:00] lora key not loaded unet.up_blocks.2.attentions.1.transformer_blocks.0.attn2.to_q.lora.down.weight
[2024-04-03 22:00] lora key not loaded unet.up_blocks.2.attentions.1.transformer_blocks.0.attn2.to_q.lora.up.weight
[2024-04-03 22:00] lora key not loaded unet.up_blocks.2.attentions.1.transformer_blocks.0.attn2.to_v.lora.down.weight
[2024-04-03 22:00] lora key not loaded unet.up_blocks.2.attentions.1.transformer_blocks.0.attn2.to_v.lora.up.weight
[2024-04-03 22:00] lora key not loaded unet.up_blocks.2.attentions.2.transformer_blocks.0.attn1.to_k.lora.down.weight
[2024-04-03 22:00] lora key not loaded unet.up_blocks.2.attentions.2.transformer_blocks.0.attn1.to_k.lora.up.weight
[2024-04-03 22:00] lora key not loaded unet.up_blocks.2.attentions.2.transformer_blocks.0.attn1.to_out.0.lora.down.weight
[2024-04-03 22:00] lora key not loaded unet.up_blocks.2.attentions.2.transformer_blocks.0.attn1.to_out.0.lora.up.weight
[2024-04-03 22:00] lora key not loaded unet.up_blocks.2.attentions.2.transformer_blocks.0.attn1.to_q.lora.down.weight
[2024-04-03 22:00] lora key not loaded unet.up_blocks.2.attentions.2.transformer_blocks.0.attn1.to_q.lora.up.weight
[2024-04-03 22:00] lora key not loaded unet.up_blocks.2.attentions.2.transformer_blocks.0.attn1.to_v.lora.down.weight
[2024-04-03 22:00] lora key not loaded unet.up_blocks.2.attentions.2.transformer_blocks.0.attn1.to_v.lora.up.weight
[2024-04-03 22:00] lora key not loaded unet.up_blocks.2.attentions.2.transformer_blocks.0.attn2.to_k.lora.down.weight
[2024-04-03 22:00] lora key not loaded unet.up_blocks.2.attentions.2.transformer_blocks.0.attn2.to_k.lora.up.weight
[2024-04-03 22:00] lora key not loaded unet.up_blocks.2.attentions.2.transformer_blocks.0.attn2.to_out.0.lora.down.weight
[2024-04-03 22:00] lora key not loaded unet.up_blocks.2.attentions.2.transformer_blocks.0.attn2.to_out.0.lora.up.weight
[2024-04-03 22:00] lora key not loaded unet.up_blocks.2.attentions.2.transformer_blocks.0.attn2.to_q.lora.down.weight
[2024-04-03 22:00] lora key not loaded unet.up_blocks.2.attentions.2.transformer_blocks.0.attn2.to_q.lora.up.weight
[2024-04-03 22:00] lora key not loaded unet.up_blocks.2.attentions.2.transformer_blocks.0.attn2.to_v.lora.down.weight
[2024-04-03 22:00] lora key not loaded unet.up_blocks.2.attentions.2.transformer_blocks.0.attn2.to_v.lora.up.weight
[2024-04-03 22:00] lora key not loaded unet.up_blocks.3.attentions.0.transformer_blocks.0.attn1.to_k.lora.down.weight
[2024-04-03 22:00] lora key not loaded unet.up_blocks.3.attentions.0.transformer_blocks.0.attn1.to_k.lora.up.weight
[2024-04-03 22:00] lora key not loaded unet.up_blocks.3.attentions.0.transformer_blocks.0.attn1.to_out.0.lora.down.weight
[2024-04-03 22:00] lora key not loaded unet.up_blocks.3.attentions.0.transformer_blocks.0.attn1.to_out.0.lora.up.weight
[2024-04-03 22:00] lora key not loaded unet.up_blocks.3.attentions.0.transformer_blocks.0.attn1.to_q.lora.down.weight
[2024-04-03 22:00] lora key not loaded unet.up_blocks.3.attentions.0.transformer_blocks.0.attn1.to_q.lora.up.weight
[2024-04-03 22:00] lora key not loaded unet.up_blocks.3.attentions.0.transformer_blocks.0.attn1.to_v.lora.down.weight
[2024-04-03 22:00] lora key not loaded unet.up_blocks.3.attentions.0.transformer_blocks.0.attn1.to_v.lora.up.weight
[2024-04-03 22:00] lora key not loaded unet.up_blocks.3.attentions.0.transformer_blocks.0.attn2.to_k.lora.down.weight
[2024-04-03 22:00] lora key not loaded unet.up_blocks.3.attentions.0.transformer_blocks.0.attn2.to_k.lora.up.weight
[2024-04-03 22:00] lora key not loaded unet.up_blocks.3.attentions.0.transformer_blocks.0.attn2.to_out.0.lora.down.weight
[2024-04-03 22:00] lora key not loaded unet.up_blocks.3.attentions.0.transformer_blocks.0.attn2.to_out.0.lora.up.weight
[2024-04-03 22:00] lora key not loaded unet.up_blocks.3.attentions.0.transformer_blocks.0.attn2.to_q.lora.down.weight
[2024-04-03 22:00] lora key not loaded unet.up_blocks.3.attentions.0.transformer_blocks.0.attn2.to_q.lora.up.weight
[2024-04-03 22:00] lora key not loaded unet.up_blocks.3.attentions.0.transformer_blocks.0.attn2.to_v.lora.down.weight
[2024-04-03 22:00] lora key not loaded unet.up_blocks.3.attentions.0.transformer_blocks.0.attn2.to_v.lora.up.weight
[2024-04-03 22:00] lora key not loaded unet.up_blocks.3.attentions.1.transformer_blocks.0.attn1.to_k.lora.down.weight
[2024-04-03 22:00] lora key not loaded unet.up_blocks.3.attentions.1.transformer_blocks.0.attn1.to_k.lora.up.weight
[2024-04-03 22:00] lora key not loaded unet.up_blocks.3.attentions.1.transformer_blocks.0.attn1.to_out.0.lora.down.weight
[2024-04-03 22:00] lora key not loaded unet.up_blocks.3.attentions.1.transformer_blocks.0.attn1.to_out.0.lora.up.weight
[2024-04-03 22:00] lora key not loaded unet.up_blocks.3.attentions.1.transformer_blocks.0.attn1.to_q.lora.down.weight
[2024-04-03 22:00] lora key not loaded unet.up_blocks.3.attentions.1.transformer_blocks.0.attn1.to_q.lora.up.weight
[2024-04-03 22:00] lora key not loaded unet.up_blocks.3.attentions.1.transformer_blocks.0.attn1.to_v.lora.down.weight
[2024-04-03 22:00] lora key not loaded unet.up_blocks.3.attentions.1.transformer_blocks.0.attn1.to_v.lora.up.weight
[2024-04-03 22:00] lora key not loaded unet.up_blocks.3.attentions.1.transformer_blocks.0.attn2.to_k.lora.down.weight
[2024-04-03 22:00] lora key not loaded unet.up_blocks.3.attentions.1.transformer_blocks.0.attn2.to_k.lora.up.weight
[2024-04-03 22:00] lora key not loaded unet.up_blocks.3.attentions.1.transformer_blocks.0.attn2.to_out.0.lora.down.weight
[2024-04-03 22:00] lora key not loaded unet.up_blocks.3.attentions.1.transformer_blocks.0.attn2.to_out.0.lora.up.weight
[2024-04-03 22:00] lora key not loaded unet.up_blocks.3.attentions.1.transformer_blocks.0.attn2.to_q.lora.down.weight
[2024-04-03 22:00] lora key not loaded unet.up_blocks.3.attentions.1.transformer_blocks.0.attn2.to_q.lora.up.weight
[2024-04-03 22:00] lora key not loaded unet.up_blocks.3.attentions.1.transformer_blocks.0.attn2.to_v.lora.down.weight
[2024-04-03 22:00] lora key not loaded unet.up_blocks.3.attentions.1.transformer_blocks.0.attn2.to_v.lora.up.weight
[2024-04-03 22:00] lora key not loaded unet.up_blocks.3.attentions.2.transformer_blocks.0.attn1.to_k.lora.down.weight
[2024-04-03 22:00] lora key not loaded unet.up_blocks.3.attentions.2.transformer_blocks.0.attn1.to_k.lora.up.weight
[2024-04-03 22:00] lora key not loaded unet.up_blocks.3.attentions.2.transformer_blocks.0.attn1.to_out.0.lora.down.weight
[2024-04-03 22:00] lora key not loaded unet.up_blocks.3.attentions.2.transformer_blocks.0.attn1.to_out.0.lora.up.weight
[2024-04-03 22:00] lora key not loaded unet.up_blocks.3.attentions.2.transformer_blocks.0.attn1.to_q.lora.down.weight
[2024-04-03 22:00] lora key not loaded unet.up_blocks.3.attentions.2.transformer_blocks.0.attn1.to_q.lora.up.weight
[2024-04-03 22:00] lora key not loaded unet.up_blocks.3.attentions.2.transformer_blocks.0.attn1.to_v.lora.down.weight
[2024-04-03 22:00] lora key not loaded unet.up_blocks.3.attentions.2.transformer_blocks.0.attn1.to_v.lora.up.weight
[2024-04-03 22:00] lora key not loaded unet.up_blocks.3.attentions.2.transformer_blocks.0.attn2.to_k.lora.down.weight
[2024-04-03 22:00] lora key not loaded unet.up_blocks.3.attentions.2.transformer_blocks.0.attn2.to_k.lora.up.weight
[2024-04-03 22:00] lora key not loaded unet.up_blocks.3.attentions.2.transformer_blocks.0.attn2.to_out.0.lora.down.weight
[2024-04-03 22:00] lora key not loaded unet.up_blocks.3.attentions.2.transformer_blocks.0.attn2.to_out.0.lora.up.weight
[2024-04-03 22:00] lora key not loaded unet.up_blocks.3.attentions.2.transformer_blocks.0.attn2.to_q.lora.down.weight
[2024-04-03 22:00] lora key not loaded unet.up_blocks.3.attentions.2.transformer_blocks.0.attn2.to_q.lora.up.weight
[2024-04-03 22:00] lora key not loaded unet.up_blocks.3.attentions.2.transformer_blocks.0.attn2.to_v.lora.down.weight
[2024-04-03 22:00] lora key not loaded unet.up_blocks.3.attentions.2.transformer_blocks.0.attn2.to_v.lora.up.weight
[2024-04-03 22:00] lora key not loaded unet.down_blocks.0.attentions.0.transformer_blocks.0.attn1.to_k.lora.down.weight
[2024-04-03 22:00] lora key not loaded unet.down_blocks.0.attentions.0.transformer_blocks.0.attn1.to_k.lora.up.weight
[2024-04-03 22:00] lora key not loaded unet.down_blocks.0.attentions.0.transformer_blocks.0.attn1.to_out.0.lora.down.weight
[2024-04-03 22:00] lora key not loaded unet.down_blocks.0.attentions.0.transformer_blocks.0.attn1.to_out.0.lora.up.weight
[2024-04-03 22:00] lora key not loaded unet.down_blocks.0.attentions.0.transformer_blocks.0.attn1.to_q.lora.down.weight
[2024-04-03 22:00] lora key not loaded unet.down_blocks.0.attentions.0.transformer_blocks.0.attn1.to_q.lora.up.weight
[2024-04-03 22:00] lora key not loaded unet.down_blocks.0.attentions.0.transformer_blocks.0.attn1.to_v.lora.down.weight
[2024-04-03 22:00] lora key not loaded unet.down_blocks.0.attentions.0.transformer_blocks.0.attn1.to_v.lora.up.weight
[2024-04-03 22:00] lora key not loaded unet.down_blocks.0.attentions.0.transformer_blocks.0.attn2.to_k.lora.down.weight
[2024-04-03 22:00] lora key not loaded unet.down_blocks.0.attentions.0.transformer_blocks.0.attn2.to_k.lora.up.weight
[2024-04-03 22:00] lora key not loaded unet.down_blocks.0.attentions.0.transformer_blocks.0.attn2.to_out.0.lora.down.weight
[2024-04-03 22:00] lora key not loaded unet.down_blocks.0.attentions.0.transformer_blocks.0.attn2.to_out.0.lora.up.weight
[2024-04-03 22:00] lora key not loaded unet.down_blocks.0.attentions.0.transformer_blocks.0.attn2.to_q.lora.down.weight
[2024-04-03 22:00] lora key not loaded unet.down_blocks.0.attentions.0.transformer_blocks.0.attn2.to_q.lora.up.weight
[2024-04-03 22:00] lora key not loaded unet.down_blocks.0.attentions.0.transformer_blocks.0.attn2.to_v.lora.down.weight
[2024-04-03 22:00] lora key not loaded unet.down_blocks.0.attentions.0.transformer_blocks.0.attn2.to_v.lora.up.weight
[2024-04-03 22:00] lora key not loaded unet.down_blocks.0.attentions.1.transformer_blocks.0.attn1.to_k.lora.down.weight
[2024-04-03 22:00] lora key not loaded unet.down_blocks.0.attentions.1.transformer_blocks.0.attn1.to_k.lora.up.weight
[2024-04-03 22:00] lora key not loaded unet.down_blocks.0.attentions.1.transformer_blocks.0.attn1.to_out.0.lora.down.weight
[2024-04-03 22:00] lora key not loaded unet.down_blocks.0.attentions.1.transformer_blocks.0.attn1.to_out.0.lora.up.weight
[2024-04-03 22:00] lora key not loaded unet.down_blocks.0.attentions.1.transformer_blocks.0.attn1.to_q.lora.down.weight
[2024-04-03 22:00] lora key not loaded unet.down_blocks.0.attentions.1.transformer_blocks.0.attn1.to_q.lora.up.weight
[2024-04-03 22:00] lora key not loaded unet.down_blocks.0.attentions.1.transformer_blocks.0.attn1.to_v.lora.down.weight
[2024-04-03 22:00] lora key not loaded unet.down_blocks.0.attentions.1.transformer_blocks.0.attn1.to_v.lora.up.weight
[2024-04-03 22:00] lora key not loaded unet.down_blocks.0.attentions.1.transformer_blocks.0.attn2.to_k.lora.down.weight
[2024-04-03 22:00] lora key not loaded unet.down_blocks.0.attentions.1.transformer_blocks.0.attn2.to_k.lora.up.weight
[2024-04-03 22:00] lora key not loaded unet.down_blocks.0.attentions.1.transformer_blocks.0.attn2.to_out.0.lora.down.weight
[2024-04-03 22:00] lora key not loaded unet.down_blocks.0.attentions.1.transformer_blocks.0.attn2.to_out.0.lora.up.weight
[2024-04-03 22:00] lora key not loaded unet.down_blocks.0.attentions.1.transformer_blocks.0.attn2.to_q.lora.down.weight
[2024-04-03 22:00] lora key not loaded unet.down_blocks.0.attentions.1.transformer_blocks.0.attn2.to_q.lora.up.weight
[2024-04-03 22:00] lora key not loaded unet.down_blocks.0.attentions.1.transformer_blocks.0.attn2.to_v.lora.down.weight
[2024-04-03 22:00] lora key not loaded unet.down_blocks.0.attentions.1.transformer_blocks.0.attn2.to_v.lora.up.weight
[2024-04-03 22:00] lora key not loaded unet.down_blocks.1.attentions.0.transformer_blocks.0.attn1.to_k.lora.down.weight
[2024-04-03 22:00] lora key not loaded unet.down_blocks.1.attentions.0.transformer_blocks.0.attn1.to_k.lora.up.weight
[2024-04-03 22:00] lora key not loaded unet.down_blocks.1.attentions.0.transformer_blocks.0.attn1.to_out.0.lora.down.weight
[2024-04-03 22:00] lora key not loaded unet.down_blocks.1.attentions.0.transformer_blocks.0.attn1.to_out.0.lora.up.weight
[2024-04-03 22:00] lora key not loaded unet.down_blocks.1.attentions.0.transformer_blocks.0.attn1.to_q.lora.down.weight
[2024-04-03 22:00] lora key not loaded unet.down_blocks.1.attentions.0.transformer_blocks.0.attn1.to_q.lora.up.weight
[2024-04-03 22:00] lora key not loaded unet.down_blocks.1.attentions.0.transformer_blocks.0.attn1.to_v.lora.down.weight
[2024-04-03 22:00] lora key not loaded unet.down_blocks.1.attentions.0.transformer_blocks.0.attn1.to_v.lora.up.weight
[2024-04-03 22:00] lora key not loaded unet.down_blocks.1.attentions.0.transformer_blocks.0.attn2.to_k.lora.down.weight
[2024-04-03 22:00] lora key not loaded unet.down_blocks.1.attentions.0.transformer_blocks.0.attn2.to_k.lora.up.weight
[2024-04-03 22:00] lora key not loaded unet.down_blocks.1.attentions.0.transformer_blocks.0.attn2.to_out.0.lora.down.weight
[2024-04-03 22:00] lora key not loaded unet.down_blocks.1.attentions.0.transformer_blocks.0.attn2.to_out.0.lora.up.weight
[2024-04-03 22:00] lora key not loaded unet.down_blocks.1.attentions.0.transformer_blocks.0.attn2.to_q.lora.down.weight
[2024-04-03 22:00] lora key not loaded unet.down_blocks.1.attentions.0.transformer_blocks.0.attn2.to_q.lora.up.weight
[2024-04-03 22:00] lora key not loaded unet.down_blocks.1.attentions.0.transformer_blocks.0.attn2.to_v.lora.down.weight
[2024-04-03 22:00] lora key not loaded unet.down_blocks.1.attentions.0.transformer_blocks.0.attn2.to_v.lora.up.weight
[2024-04-03 22:00] lora key not loaded unet.down_blocks.1.attentions.1.transformer_blocks.0.attn1.to_k.lora.down.weight
[2024-04-03 22:00] lora key not loaded unet.down_blocks.1.attentions.1.transformer_blocks.0.attn1.to_k.lora.up.weight
[2024-04-03 22:00] lora key not loaded unet.down_blocks.1.attentions.1.transformer_blocks.0.attn1.to_out.0.lora.down.weight
[2024-04-03 22:00] lora key not loaded unet.down_blocks.1.attentions.1.transformer_blocks.0.attn1.to_out.0.lora.up.weight
[2024-04-03 22:00] lora key not loaded unet.down_blocks.1.attentions.1.transformer_blocks.0.attn1.to_q.lora.down.weight
[2024-04-03 22:00] lora key not loaded unet.down_blocks.1.attentions.1.transformer_blocks.0.attn1.to_q.lora.up.weight
[2024-04-03 22:00] lora key not loaded unet.down_blocks.1.attentions.1.transformer_blocks.0.attn1.to_v.lora.down.weight
[2024-04-03 22:00] lora key not loaded unet.down_blocks.1.attentions.1.transformer_blocks.0.attn1.to_v.lora.up.weight
[2024-04-03 22:00] lora key not loaded unet.down_blocks.1.attentions.1.transformer_blocks.0.attn2.to_k.lora.down.weight
[2024-04-03 22:00] lora key not loaded unet.down_blocks.1.attentions.1.transformer_blocks.0.attn2.to_k.lora.up.weight
[2024-04-03 22:00] lora key not loaded unet.down_blocks.1.attentions.1.transformer_blocks.0.attn2.to_out.0.lora.down.weight
[2024-04-03 22:00] lora key not loaded unet.down_blocks.1.attentions.1.transformer_blocks.0.attn2.to_out.0.lora.up.weight
[2024-04-03 22:00] lora key not loaded unet.down_blocks.1.attentions.1.transformer_blocks.0.attn2.to_q.lora.down.weight
[2024-04-03 22:00] lora key not loaded unet.down_blocks.1.attentions.1.transformer_blocks.0.attn2.to_q.lora.up.weight
[2024-04-03 22:00] lora key not loaded unet.down_blocks.1.attentions.1.transformer_blocks.0.attn2.to_v.lora.down.weight
[2024-04-03 22:00] lora key not loaded unet.down_blocks.1.attentions.1.transformer_blocks.0.attn2.to_v.lora.up.weight
[2024-04-03 22:00] lora key not loaded unet.down_blocks.2.attentions.0.transformer_blocks.0.attn1.to_k.lora.down.weight
[2024-04-03 22:00] lora key not loaded unet.down_blocks.2.attentions.0.transformer_blocks.0.attn1.to_k.lora.up.weight
[2024-04-03 22:00] lora key not loaded unet.down_blocks.2.attentions.0.transformer_blocks.0.attn1.to_out.0.lora.down.weight
[2024-04-03 22:00] lora key not loaded unet.down_blocks.2.attentions.0.transformer_blocks.0.attn1.to_out.0.lora.up.weight
[2024-04-03 22:00] lora key not loaded unet.down_blocks.2.attentions.0.transformer_blocks.0.attn1.to_q.lora.down.weight
[2024-04-03 22:00] lora key not loaded unet.down_blocks.2.attentions.0.transformer_blocks.0.attn1.to_q.lora.up.weight
[2024-04-03 22:00] lora key not loaded unet.down_blocks.2.attentions.0.transformer_blocks.0.attn1.to_v.lora.down.weight
[2024-04-03 22:00] lora key not loaded unet.down_blocks.2.attentions.0.transformer_blocks.0.attn1.to_v.lora.up.weight
[2024-04-03 22:00] lora key not loaded unet.down_blocks.2.attentions.0.transformer_blocks.0.attn2.to_k.lora.down.weight
[2024-04-03 22:00] lora key not loaded unet.down_blocks.2.attentions.0.transformer_blocks.0.attn2.to_k.lora.up.weight
[2024-04-03 22:00] lora key not loaded unet.down_blocks.2.attentions.0.transformer_blocks.0.attn2.to_out.0.lora.down.weight
[2024-04-03 22:00] lora key not loaded unet.down_blocks.2.attentions.0.transformer_blocks.0.attn2.to_out.0.lora.up.weight
[2024-04-03 22:00] lora key not loaded unet.down_blocks.2.attentions.0.transformer_blocks.0.attn2.to_q.lora.down.weight
[2024-04-03 22:00] lora key not loaded unet.down_blocks.2.attentions.0.transformer_blocks.0.attn2.to_q.lora.up.weight
[2024-04-03 22:00] lora key not loaded unet.down_blocks.2.attentions.0.transformer_blocks.0.attn2.to_v.lora.down.weight
[2024-04-03 22:00] lora key not loaded unet.down_blocks.2.attentions.0.transformer_blocks.0.attn2.to_v.lora.up.weight
[2024-04-03 22:00] lora key not loaded unet.down_blocks.2.attentions.1.transformer_blocks.0.attn1.to_k.lora.down.weight
[2024-04-03 22:00] lora key not loaded unet.down_blocks.2.attentions.1.transformer_blocks.0.attn1.to_k.lora.up.weight
[2024-04-03 22:00] lora key not loaded unet.down_blocks.2.attentions.1.transformer_blocks.0.attn1.to_out.0.lora.down.weight
[2024-04-03 22:00] lora key not loaded unet.down_blocks.2.attentions.1.transformer_blocks.0.attn1.to_out.0.lora.up.weight
[2024-04-03 22:00] lora key not loaded unet.down_blocks.2.attentions.1.transformer_blocks.0.attn1.to_q.lora.down.weight
[2024-04-03 22:00] lora key not loaded unet.down_blocks.2.attentions.1.transformer_blocks.0.attn1.to_q.lora.up.weight
[2024-04-03 22:00] lora key not loaded unet.down_blocks.2.attentions.1.transformer_blocks.0.attn1.to_v.lora.down.weight
[2024-04-03 22:00] lora key not loaded unet.down_blocks.2.attentions.1.transformer_blocks.0.attn1.to_v.lora.up.weight
[2024-04-03 22:00] lora key not loaded unet.down_blocks.2.attentions.1.transformer_blocks.0.attn2.to_k.lora.down.weight
[2024-04-03 22:00] lora key not loaded unet.down_blocks.2.attentions.1.transformer_blocks.0.attn2.to_k.lora.up.weight
[2024-04-03 22:00] lora key not loaded unet.down_blocks.2.attentions.1.transformer_blocks.0.attn2.to_out.0.lora.down.weight
[2024-04-03 22:00] lora key not loaded unet.down_blocks.2.attentions.1.transformer_blocks.0.attn2.to_out.0.lora.up.weight
[2024-04-03 22:00] lora key not loaded unet.down_blocks.2.attentions.1.transformer_blocks.0.attn2.to_q.lora.down.weight
[2024-04-03 22:00] lora key not loaded unet.down_blocks.2.attentions.1.transformer_blocks.0.attn2.to_q.lora.up.weight
[2024-04-03 22:00] lora key not loaded unet.down_blocks.2.attentions.1.transformer_blocks.0.attn2.to_v.lora.down.weight
[2024-04-03 22:00] lora key not loaded unet.down_blocks.2.attentions.1.transformer_blocks.0.attn2.to_v.lora.up.weight
[2024-04-03 22:00] lora key not loaded unet.mid_block.attentions.0.transformer_blocks.0.attn1.to_k.lora.down.weight
[2024-04-03 22:00] lora key not loaded unet.mid_block.attentions.0.transformer_blocks.0.attn1.to_k.lora.up.weight
[2024-04-03 22:00] lora key not loaded unet.mid_block.attentions.0.transformer_blocks.0.attn1.to_out.0.lora.down.weight
[2024-04-03 22:00] lora key not loaded unet.mid_block.attentions.0.transformer_blocks.0.attn1.to_out.0.lora.up.weight
[2024-04-03 22:00] lora key not loaded unet.mid_block.attentions.0.transformer_blocks.0.attn1.to_q.lora.down.weight
[2024-04-03 22:00] lora key not loaded unet.mid_block.attentions.0.transformer_blocks.0.attn1.to_q.lora.up.weight
[2024-04-03 22:00] lora key not loaded unet.mid_block.attentions.0.transformer_blocks.0.attn1.to_v.lora.down.weight
[2024-04-03 22:00] lora key not loaded unet.mid_block.attentions.0.transformer_blocks.0.attn1.to_v.lora.up.weight
[2024-04-03 22:00] lora key not loaded unet.mid_block.attentions.0.transformer_blocks.0.attn2.to_k.lora.down.weight
[2024-04-03 22:00] lora key not loaded unet.mid_block.attentions.0.transformer_blocks.0.attn2.to_k.lora.up.weight
[2024-04-03 22:00] lora key not loaded unet.mid_block.attentions.0.transformer_blocks.0.attn2.to_out.0.lora.down.weight
[2024-04-03 22:00] lora key not loaded unet.mid_block.attentions.0.transformer_blocks.0.attn2.to_out.0.lora.up.weight
[2024-04-03 22:00] lora key not loaded unet.mid_block.attentions.0.transformer_blocks.0.attn2.to_q.lora.down.weight
[2024-04-03 22:00] lora key not loaded unet.mid_block.attentions.0.transformer_blocks.0.attn2.to_q.lora.up.weight
[2024-04-03 22:00] lora key not loaded unet.mid_block.attentions.0.transformer_blocks.0.attn2.to_v.lora.down.weight
[2024-04-03 22:00] lora key not loaded unet.mid_block.attentions.0.transformer_blocks.0.attn2.to_v.lora.up.weight
[2024-04-03 22:00] lora key not loaded unet.up_blocks.1.attentions.0.transformer_blocks.0.attn1.to_k.lora.down.weight
[2024-04-03 22:00] lora key not loaded unet.up_blocks.1.attentions.0.transformer_blocks.0.attn1.to_k.lora.up.weight
[2024-04-03 22:00] lora key not loaded unet.up_blocks.1.attentions.0.transformer_blocks.0.attn1.to_out.0.lora.down.weight
[2024-04-03 22:00] lora key not loaded unet.up_blocks.1.attentions.0.transformer_blocks.0.attn1.to_out.0.lora.up.weight
[2024-04-03 22:00] lora key not loaded unet.up_blocks.1.attentions.0.transformer_blocks.0.attn1.to_q.lora.down.weight
[2024-04-03 22:00] lora key not loaded unet.up_blocks.1.attentions.0.transformer_blocks.0.attn1.to_q.lora.up.weight
[2024-04-03 22:00] lora key not loaded unet.up_blocks.1.attentions.0.transformer_blocks.0.attn1.to_v.lora.down.weight
[2024-04-03 22:00] lora key not loaded unet.up_blocks.1.attentions.0.transformer_blocks.0.attn1.to_v.lora.up.weight
[2024-04-03 22:00] lora key not loaded unet.up_blocks.1.attentions.0.transformer_blocks.0.attn2.to_k.lora.down.weight
[2024-04-03 22:00] lora key not loaded unet.up_blocks.1.attentions.0.transformer_blocks.0.attn2.to_k.lora.up.weight
[2024-04-03 22:00] lora key not loaded unet.up_blocks.1.attentions.0.transformer_blocks.0.attn2.to_out.0.lora.down.weight
[2024-04-03 22:00] lora key not loaded unet.up_blocks.1.attentions.0.transformer_blocks.0.attn2.to_out.0.lora.up.weight
[2024-04-03 22:00] lora key not loaded unet.up_blocks.1.attentions.0.transformer_blocks.0.attn2.to_q.lora.down.weight
[2024-04-03 22:00] lora key not loaded unet.up_blocks.1.attentions.0.transformer_blocks.0.attn2.to_q.lora.up.weight
[2024-04-03 22:00] lora key not loaded unet.up_blocks.1.attentions.0.transformer_blocks.0.attn2.to_v.lora.down.weight
[2024-04-03 22:00] lora key not loaded unet.up_blocks.1.attentions.0.transformer_blocks.0.attn2.to_v.lora.up.weight
[2024-04-03 22:00] lora key not loaded unet.up_blocks.1.attentions.1.transformer_blocks.0.attn1.to_k.lora.down.weight
[2024-04-03 22:00] lora key not loaded unet.up_blocks.1.attentions.1.transformer_blocks.0.attn1.to_k.lora.up.weight
[2024-04-03 22:00] lora key not loaded unet.up_blocks.1.attentions.1.transformer_blocks.0.attn1.to_out.0.lora.down.weight
[2024-04-03 22:00] lora key not loaded unet.up_blocks.1.attentions.1.transformer_blocks.0.attn1.to_out.0.lora.up.weight
[2024-04-03 22:00] lora key not loaded unet.up_blocks.1.attentions.1.transformer_blocks.0.attn1.to_q.lora.down.weight
[2024-04-03 22:00] lora key not loaded unet.up_blocks.1.attentions.1.transformer_blocks.0.attn1.to_q.lora.up.weight
[2024-04-03 22:00] lora key not loaded unet.up_blocks.1.attentions.1.transformer_blocks.0.attn1.to_v.lora.down.weight
[2024-04-03 22:00] lora key not loaded unet.up_blocks.1.attentions.1.transformer_blocks.0.attn1.to_v.lora.up.weight
[2024-04-03 22:00] lora key not loaded unet.up_blocks.1.attentions.1.transformer_blocks.0.attn2.to_k.lora.down.weight
[2024-04-03 22:00] lora key not loaded unet.up_blocks.1.attentions.1.transformer_blocks.0.attn2.to_k.lora.up.weight
[2024-04-03 22:00] lora key not loaded unet.up_blocks.1.attentions.1.transformer_blocks.0.attn2.to_out.0.lora.down.weight
[2024-04-03 22:00] lora key not loaded unet.up_blocks.1.attentions.1.transformer_blocks.0.attn2.to_out.0.lora.up.weight
[2024-04-03 22:00] lora key not loaded unet.up_blocks.1.attentions.1.transformer_blocks.0.attn2.to_q.lora.down.weight
[2024-04-03 22:00] lora key not loaded unet.up_blocks.1.attentions.1.transformer_blocks.0.attn2.to_q.lora.up.weight
[2024-04-03 22:00] lora key not loaded unet.up_blocks.1.attentions.1.transformer_blocks.0.attn2.to_v.lora.down.weight
[2024-04-03 22:00] lora key not loaded unet.up_blocks.1.attentions.1.transformer_blocks.0.attn2.to_v.lora.up.weight
[2024-04-03 22:00] lora key not loaded unet.up_blocks.1.attentions.2.transformer_blocks.0.attn1.to_k.lora.down.weight
[2024-04-03 22:00] lora key not loaded unet.up_blocks.1.attentions.2.transformer_blocks.0.attn1.to_k.lora.up.weight
[2024-04-03 22:00] lora key not loaded unet.up_blocks.1.attentions.2.transformer_blocks.0.attn1.to_out.0.lora.down.weight
[2024-04-03 22:00] lora key not loaded unet.up_blocks.1.attentions.2.transformer_blocks.0.attn1.to_out.0.lora.up.weight
[2024-04-03 22:00] lora key not loaded unet.up_blocks.1.attentions.2.transformer_blocks.0.attn1.to_q.lora.down.weight
[2024-04-03 22:00] lora key not loaded unet.up_blocks.1.attentions.2.transformer_blocks.0.attn1.to_q.lora.up.weight
[2024-04-03 22:00] lora key not loaded unet.up_blocks.1.attentions.2.transformer_blocks.0.attn1.to_v.lora.down.weight
[2024-04-03 22:00] lora key not loaded unet.up_blocks.1.attentions.2.transformer_blocks.0.attn1.to_v.lora.up.weight
[2024-04-03 22:00] lora key not loaded unet.up_blocks.1.attentions.2.transformer_blocks.0.attn2.to_k.lora.down.weight
[2024-04-03 22:00] lora key not loaded unet.up_blocks.1.attentions.2.transformer_blocks.0.attn2.to_k.lora.up.weight
[2024-04-03 22:00] lora key not loaded unet.up_blocks.1.attentions.2.transformer_blocks.0.attn2.to_out.0.lora.down.weight
[2024-04-03 22:00] lora key not loaded unet.up_blocks.1.attentions.2.transformer_blocks.0.attn2.to_out.0.lora.up.weight
[2024-04-03 22:00] lora key not loaded unet.up_blocks.1.attentions.2.transformer_blocks.0.attn2.to_q.lora.down.weight
[2024-04-03 22:00] lora key not loaded unet.up_blocks.1.attentions.2.transformer_blocks.0.attn2.to_q.lora.up.weight
[2024-04-03 22:00] lora key not loaded unet.up_blocks.1.attentions.2.transformer_blocks.0.attn2.to_v.lora.down.weight
[2024-04-03 22:00] lora key not loaded unet.up_blocks.1.attentions.2.transformer_blocks.0.attn2.to_v.lora.up.weight
[2024-04-03 22:00] lora key not loaded unet.up_blocks.2.attentions.0.transformer_blocks.0.attn1.to_k.lora.down.weight
[2024-04-03 22:00] lora key not loaded unet.up_blocks.2.attentions.0.transformer_blocks.0.attn1.to_k.lora.up.weight
[2024-04-03 22:00] lora key not loaded unet.up_blocks.2.attentions.0.transformer_blocks.0.attn1.to_out.0.lora.down.weight
[2024-04-03 22:00] lora key not loaded unet.up_blocks.2.attentions.0.transformer_blocks.0.attn1.to_out.0.lora.up.weight
[2024-04-03 22:00] lora key not loaded unet.up_blocks.2.attentions.0.transformer_blocks.0.attn1.to_q.lora.down.weight
[2024-04-03 22:00] lora key not loaded unet.up_blocks.2.attentions.0.transformer_blocks.0.attn1.to_q.lora.up.weight
[2024-04-03 22:00] lora key not loaded unet.up_blocks.2.attentions.0.transformer_blocks.0.attn1.to_v.lora.down.weight
[2024-04-03 22:00] lora key not loaded unet.up_blocks.2.attentions.0.transformer_blocks.0.attn1.to_v.lora.up.weight
[2024-04-03 22:00] lora key not loaded unet.up_blocks.2.attentions.0.transformer_blocks.0.attn2.to_k.lora.down.weight
[2024-04-03 22:00] lora key not loaded unet.up_blocks.2.attentions.0.transformer_blocks.0.attn2.to_k.lora.up.weight
[2024-04-03 22:00] lora key not loaded unet.up_blocks.2.attentions.0.transformer_blocks.0.attn2.to_out.0.lora.down.weight
[2024-04-03 22:00] lora key not loaded unet.up_blocks.2.attentions.0.transformer_blocks.0.attn2.to_out.0.lora.up.weight
[2024-04-03 22:00] lora key not loaded unet.up_blocks.2.attentions.0.transformer_blocks.0.attn2.to_q.lora.down.weight
[2024-04-03 22:00] lora key not loaded unet.up_blocks.2.attentions.0.transformer_blocks.0.attn2.to_q.lora.up.weight
[2024-04-03 22:00] lora key not loaded unet.up_blocks.2.attentions.0.transformer_blocks.0.attn2.to_v.lora.down.weight
[2024-04-03 22:00] lora key not loaded unet.up_blocks.2.attentions.0.transformer_blocks.0.attn2.to_v.lora.up.weight
[2024-04-03 22:00] lora key not loaded unet.up_blocks.2.attentions.1.transformer_blocks.0.attn1.to_k.lora.down.weight
[2024-04-03 22:00] lora key not loaded unet.up_blocks.2.attentions.1.transformer_blocks.0.attn1.to_k.lora.up.weight
[2024-04-03 22:00] lora key not loaded unet.up_blocks.2.attentions.1.transformer_blocks.0.attn1.to_out.0.lora.down.weight
[2024-04-03 22:00] lora key not loaded unet.up_blocks.2.attentions.1.transformer_blocks.0.attn1.to_out.0.lora.up.weight
[2024-04-03 22:00] lora key not loaded unet.up_blocks.2.attentions.1.transformer_blocks.0.attn1.to_q.lora.down.weight
[2024-04-03 22:00] lora key not loaded unet.up_blocks.2.attentions.1.transformer_blocks.0.attn1.to_q.lora.up.weight
[2024-04-03 22:00] lora key not loaded unet.up_blocks.2.attentions.1.transformer_blocks.0.attn1.to_v.lora.down.weight
[2024-04-03 22:00] lora key not loaded unet.up_blocks.2.attentions.1.transformer_blocks.0.attn1.to_v.lora.up.weight
[2024-04-03 22:00] lora key not loaded unet.up_blocks.2.attentions.1.transformer_blocks.0.attn2.to_k.lora.down.weight
[2024-04-03 22:00] lora key not loaded unet.up_blocks.2.attentions.1.transformer_blocks.0.attn2.to_k.lora.up.weight
[2024-04-03 22:00] lora key not loaded unet.up_blocks.2.attentions.1.transformer_blocks.0.attn2.to_out.0.lora.down.weight
[2024-04-03 22:00] lora key not loaded unet.up_blocks.2.attentions.1.transformer_blocks.0.attn2.to_out.0.lora.up.weight
[2024-04-03 22:00] lora key not loaded unet.up_blocks.2.attentions.1.transformer_blocks.0.attn2.to_q.lora.down.weight
[2024-04-03 22:00] lora key not loaded unet.up_blocks.2.attentions.1.transformer_blocks.0.attn2.to_q.lora.up.weight
[2024-04-03 22:00] lora key not loaded unet.up_blocks.2.attentions.1.transformer_blocks.0.attn2.to_v.lora.down.weight
[2024-04-03 22:00] lora key not loaded unet.up_blocks.2.attentions.1.transformer_blocks.0.attn2.to_v.lora.up.weight
[2024-04-03 22:00] lora key not loaded unet.up_blocks.2.attentions.2.transformer_blocks.0.attn1.to_k.lora.down.weight
[2024-04-03 22:00] lora key not loaded unet.up_blocks.2.attentions.2.transformer_blocks.0.attn1.to_k.lora.up.weight
[2024-04-03 22:00] lora key not loaded unet.up_blocks.2.attentions.2.transformer_blocks.0.attn1.to_out.0.lora.down.weight
[2024-04-03 22:00] lora key not loaded unet.up_blocks.2.attentions.2.transformer_blocks.0.attn1.to_out.0.lora.up.weight
[2024-04-03 22:00] lora key not loaded unet.up_blocks.2.attentions.2.transformer_blocks.0.attn1.to_q.lora.down.weight
[2024-04-03 22:00] lora key not loaded unet.up_blocks.2.attentions.2.transformer_blocks.0.attn1.to_q.lora.up.weight
[2024-04-03 22:00] lora key not loaded unet.up_blocks.2.attentions.2.transformer_blocks.0.attn1.to_v.lora.down.weight
[2024-04-03 22:00] lora key not loaded unet.up_blocks.2.attentions.2.transformer_blocks.0.attn1.to_v.lora.up.weight
[2024-04-03 22:00] lora key not loaded unet.up_blocks.2.attentions.2.transformer_blocks.0.attn2.to_k.lora.down.weight
[2024-04-03 22:00] lora key not loaded unet.up_blocks.2.attentions.2.transformer_blocks.0.attn2.to_k.lora.up.weight
[2024-04-03 22:00] lora key not loaded unet.up_blocks.2.attentions.2.transformer_blocks.0.attn2.to_out.0.lora.down.weight
[2024-04-03 22:00] lora key not loaded unet.up_blocks.2.attentions.2.transformer_blocks.0.attn2.to_out.0.lora.up.weight
[2024-04-03 22:00] lora key not loaded unet.up_blocks.2.attentions.2.transformer_blocks.0.attn2.to_q.lora.down.weight
[2024-04-03 22:00] lora key not loaded unet.up_blocks.2.attentions.2.transformer_blocks.0.attn2.to_q.lora.up.weight
[2024-04-03 22:00] lora key not loaded unet.up_blocks.2.attentions.2.transformer_blocks.0.attn2.to_v.lora.down.weight
[2024-04-03 22:00] lora key not loaded unet.up_blocks.2.attentions.2.transformer_blocks.0.attn2.to_v.lora.up.weight
[2024-04-03 22:00] lora key not loaded unet.up_blocks.3.attentions.0.transformer_blocks.0.attn1.to_k.lora.down.weight
[2024-04-03 22:00] lora key not loaded unet.up_blocks.3.attentions.0.transformer_blocks.0.attn1.to_k.lora.up.weight
[2024-04-03 22:00] lora key not loaded unet.up_blocks.3.attentions.0.transformer_blocks.0.attn1.to_out.0.lora.down.weight
[2024-04-03 22:00] lora key not loaded unet.up_blocks.3.attentions.0.transformer_blocks.0.attn1.to_out.0.lora.up.weight
[2024-04-03 22:00] lora key not loaded unet.up_blocks.3.attentions.0.transformer_blocks.0.attn1.to_q.lora.down.weight
[2024-04-03 22:00] lora key not loaded unet.up_blocks.3.attentions.0.transformer_blocks.0.attn1.to_q.lora.up.weight
[2024-04-03 22:00] lora key not loaded unet.up_blocks.3.attentions.0.transformer_blocks.0.attn1.to_v.lora.down.weight
[2024-04-03 22:00] lora key not loaded unet.up_blocks.3.attentions.0.transformer_blocks.0.attn1.to_v.lora.up.weight
[2024-04-03 22:00] lora key not loaded unet.up_blocks.3.attentions.0.transformer_blocks.0.attn2.to_k.lora.down.weight
[2024-04-03 22:00] lora key not loaded unet.up_blocks.3.attentions.0.transformer_blocks.0.attn2.to_k.lora.up.weight
[2024-04-03 22:00] lora key not loaded unet.up_blocks.3.attentions.0.transformer_blocks.0.attn2.to_out.0.lora.down.weight
[2024-04-03 22:00] lora key not loaded unet.up_blocks.3.attentions.0.transformer_blocks.0.attn2.to_out.0.lora.up.weight
[2024-04-03 22:00] lora key not loaded unet.up_blocks.3.attentions.0.transformer_blocks.0.attn2.to_q.lora.down.weight
[2024-04-03 22:00] lora key not loaded unet.up_blocks.3.attentions.0.transformer_blocks.0.attn2.to_q.lora.up.weight
[2024-04-03 22:00] lora key not loaded unet.up_blocks.3.attentions.0.transformer_blocks.0.attn2.to_v.lora.down.weight
[2024-04-03 22:00] lora key not loaded unet.up_blocks.3.attentions.0.transformer_blocks.0.attn2.to_v.lora.up.weight
[2024-04-03 22:00] lora key not loaded unet.up_blocks.3.attentions.1.transformer_blocks.0.attn1.to_k.lora.down.weight
[2024-04-03 22:00] lora key not loaded unet.up_blocks.3.attentions.1.transformer_blocks.0.attn1.to_k.lora.up.weight
[2024-04-03 22:00] lora key not loaded unet.up_blocks.3.attentions.1.transformer_blocks.0.attn1.to_out.0.lora.down.weight
[2024-04-03 22:00] lora key not loaded unet.up_blocks.3.attentions.1.transformer_blocks.0.attn1.to_out.0.lora.up.weight
[2024-04-03 22:00] lora key not loaded unet.up_blocks.3.attentions.1.transformer_blocks.0.attn1.to_q.lora.down.weight
[2024-04-03 22:00] lora key not loaded unet.up_blocks.3.attentions.1.transformer_blocks.0.attn1.to_q.lora.up.weight
[2024-04-03 22:00] lora key not loaded unet.up_blocks.3.attentions.1.transformer_blocks.0.attn1.to_v.lora.down.weight
[2024-04-03 22:00] lora key not loaded unet.up_blocks.3.attentions.1.transformer_blocks.0.attn1.to_v.lora.up.weight
[2024-04-03 22:00] lora key not loaded unet.up_blocks.3.attentions.1.transformer_blocks.0.attn2.to_k.lora.down.weight
[2024-04-03 22:00] lora key not loaded unet.up_blocks.3.attentions.1.transformer_blocks.0.attn2.to_k.lora.up.weight
[2024-04-03 22:00] lora key not loaded unet.up_blocks.3.attentions.1.transformer_blocks.0.attn2.to_out.0.lora.down.weight
[2024-04-03 22:00] lora key not loaded unet.up_blocks.3.attentions.1.transformer_blocks.0.attn2.to_out.0.lora.up.weight
[2024-04-03 22:00] lora key not loaded unet.up_blocks.3.attentions.1.transformer_blocks.0.attn2.to_q.lora.down.weight
[2024-04-03 22:00] lora key not loaded unet.up_blocks.3.attentions.1.transformer_blocks.0.attn2.to_q.lora.up.weight
[2024-04-03 22:00] lora key not loaded unet.up_blocks.3.attentions.1.transformer_blocks.0.attn2.to_v.lora.down.weight
[2024-04-03 22:00] lora key not loaded unet.up_blocks.3.attentions.1.transformer_blocks.0.attn2.to_v.lora.up.weight
[2024-04-03 22:00] lora key not loaded unet.up_blocks.3.attentions.2.transformer_blocks.0.attn1.to_k.lora.down.weight
[2024-04-03 22:00] lora key not loaded unet.up_blocks.3.attentions.2.transformer_blocks.0.attn1.to_k.lora.up.weight
[2024-04-03 22:00] lora key not loaded unet.up_blocks.3.attentions.2.transformer_blocks.0.attn1.to_out.0.lora.down.weight
[2024-04-03 22:00] lora key not loaded unet.up_blocks.3.attentions.2.transformer_blocks.0.attn1.to_out.0.lora.up.weight
[2024-04-03 22:00] lora key not loaded unet.up_blocks.3.attentions.2.transformer_blocks.0.attn1.to_q.lora.down.weight
[2024-04-03 22:00] lora key not loaded unet.up_blocks.3.attentions.2.transformer_blocks.0.attn1.to_q.lora.up.weight
[2024-04-03 22:00] lora key not loaded unet.up_blocks.3.attentions.2.transformer_blocks.0.attn1.to_v.lora.down.weight
[2024-04-03 22:00] lora key not loaded unet.up_blocks.3.attentions.2.transformer_blocks.0.attn1.to_v.lora.up.weight
[2024-04-03 22:00] lora key not loaded unet.up_blocks.3.attentions.2.transformer_blocks.0.attn2.to_k.lora.down.weight
[2024-04-03 22:00] lora key not loaded unet.up_blocks.3.attentions.2.transformer_blocks.0.attn2.to_k.lora.up.weight
[2024-04-03 22:00] lora key not loaded unet.up_blocks.3.attentions.2.transformer_blocks.0.attn2.to_out.0.lora.down.weight
[2024-04-03 22:00] lora key not loaded unet.up_blocks.3.attentions.2.transformer_blocks.0.attn2.to_out.0.lora.up.weight
[2024-04-03 22:00] lora key not loaded unet.up_blocks.3.attentions.2.transformer_blocks.0.attn2.to_q.lora.down.weight
[2024-04-03 22:00] lora key not loaded unet.up_blocks.3.attentions.2.transformer_blocks.0.attn2.to_q.lora.up.weight
[2024-04-03 22:00] lora key not loaded unet.up_blocks.3.attentions.2.transformer_blocks.0.attn2.to_v.lora.down.weight
[2024-04-03 22:00] lora key not loaded unet.up_blocks.3.attentions.2.transformer_blocks.0.attn2.to_v.lora.up.weight
[2024-04-03 22:00] Requested to load SD1ClipModel
[2024-04-03 22:00] Loading 1 new model
[2024-04-03 22:00] Reshaping decoder.mid.attn_1.k.weight for SD format
[2024-04-03 22:00] Reshaping decoder.mid.attn_1.proj_out.weight for SD format
[2024-04-03 22:00] Reshaping decoder.mid.attn_1.q.weight for SD format
[2024-04-03 22:00] Reshaping decoder.mid.attn_1.v.weight for SD format
[2024-04-03 22:00] Reshaping encoder.mid.attn_1.k.weight for SD format
[2024-04-03 22:00] Reshaping encoder.mid.attn_1.proj_out.weight for SD format
[2024-04-03 22:00] Reshaping encoder.mid.attn_1.q.weight for SD format
[2024-04-03 22:00] Reshaping encoder.mid.attn_1.v.weight for SD format
[2024-04-03 22:00] Using pytorch attention in VAE
[2024-04-03 22:00] Working with z of shape (1, 4, 32, 32) = 4096 dimensions.
[2024-04-03 22:00] Using pytorch attention in VAE
[2024-04-03 22:00] ----------------------------------------
[2024-04-03 22:00] [36mEfficient Loader (LACE) Models Cache:[0m
[2024-04-03 22:00] Ckpt:
[2024-04-03 22:00]   [1] v1-5-pruned-emaonly
[2024-04-03 22:00] Vae:
[2024-04-03 22:00]   [1] vae-ft-ema
[2024-04-03 22:00] Lora:
[2024-04-03 22:00]   [1] base_ckpt: v1-5-pruned-emaonly
[2024-04-03 22:00]       lora(mod,clip): CUBISM-ART(1,1)
[2024-04-03 22:00]       lora(mod,clip): BAROQUE-ART(1,1)
[2024-04-03 22:00] model: <comfy.model_patcher.ModelPatcher object at 0x000001F260CC5D90>
[2024-04-03 22:00] Requested to load BaseModel
[2024-04-03 22:00] Requested to load ControlNet
[2024-04-03 22:00] Loading 2 new models
[2024-04-03 22:00] sampler_name = euler_test
[2024-04-03 22:00] sampler_name = euler_test
[2024-04-03 22:00] Requested to load AutoencoderKL
[2024-04-03 22:00] Loading 1 new model
[2024-04-03 22:00] Output Directory: C:\Users\Kyle\Desktop\LACE\temp
[2024-04-03 22:00] -----------------------------------------
[2024-04-03 22:00] Prompt executed in 12.77 seconds
[2024-04-03 22:00] got prompt
[2024-04-03 22:00] Requested to load SD1ClipModel
[2024-04-03 22:00] Loading 1 new model
[2024-04-03 22:00] ----------------------------------------
[2024-04-03 22:00] [36mEfficient Loader (LACE) Models Cache:[0m
[2024-04-03 22:00] Ckpt:
[2024-04-03 22:00]   [1] v1-5-pruned-emaonly
[2024-04-03 22:00] Vae:
[2024-04-03 22:00]   [1] vae-ft-ema
[2024-04-03 22:00] Lora:
[2024-04-03 22:00]   [1] base_ckpt: v1-5-pruned-emaonly
[2024-04-03 22:00]       lora(mod,clip): CUBISM-ART(1,1)
[2024-04-03 22:00]       lora(mod,clip): BAROQUE-ART(1,1)
[2024-04-03 22:00] model: <comfy.model_patcher.ModelPatcher object at 0x000001F260CC5D90>
[2024-04-03 22:00] Requested to load BaseModel
[2024-04-03 22:00] Requested to load ControlNet
[2024-04-03 22:00] Loading 2 new models
[2024-04-03 22:00] sampler_name = euler_test
[2024-04-03 22:00] sampler_name = euler_test
[2024-04-03 22:00] -----------------------------------------
[2024-04-03 22:00] Prompt executed in 9.86 seconds
[2024-04-03 22:00] got prompt
[2024-04-03 22:00] Requested to load SD1ClipModel
[2024-04-03 22:00] Loading 1 new model
[2024-04-03 22:00] ----------------------------------------
[2024-04-03 22:00] [36mEfficient Loader (LACE) Models Cache:[0m
[2024-04-03 22:00] Ckpt:
[2024-04-03 22:00]   [1] v1-5-pruned-emaonly
[2024-04-03 22:00] Vae:
[2024-04-03 22:00]   [1] vae-ft-ema
[2024-04-03 22:00] Lora:
[2024-04-03 22:00]   [1] base_ckpt: v1-5-pruned-emaonly
[2024-04-03 22:00]       lora(mod,clip): CUBISM-ART(1,1)
[2024-04-03 22:00]       lora(mod,clip): BAROQUE-ART(1,1)
[2024-04-03 22:00] model: <comfy.model_patcher.ModelPatcher object at 0x000001F260CC5D90>
[2024-04-03 22:00] Requested to load BaseModel
[2024-04-03 22:00] Requested to load ControlNet
[2024-04-03 22:00] Loading 2 new models
[2024-04-03 22:00] sampler_name = euler_test
[2024-04-03 22:00] sampler_name = euler_test
[2024-04-03 22:00] -----------------------------------------
[2024-04-03 22:00] Prompt executed in 9.77 seconds
[2024-04-03 22:00] got prompt
[2024-04-03 22:00] Requested to load SD1ClipModel
[2024-04-03 22:00] Loading 1 new model
[2024-04-03 22:00] ----------------------------------------
[2024-04-03 22:00] [36mEfficient Loader (LACE) Models Cache:[0m
[2024-04-03 22:00] Ckpt:
[2024-04-03 22:00]   [1] v1-5-pruned-emaonly
[2024-04-03 22:00] Vae:
[2024-04-03 22:00]   [1] vae-ft-ema
[2024-04-03 22:00] Lora:
[2024-04-03 22:00]   [1] base_ckpt: v1-5-pruned-emaonly
[2024-04-03 22:00]       lora(mod,clip): CUBISM-ART(1,1)
[2024-04-03 22:00]       lora(mod,clip): BAROQUE-ART(1,1)
[2024-04-03 22:00] model: <comfy.model_patcher.ModelPatcher object at 0x000001F260CC5D90>
[2024-04-03 22:00] Requested to load BaseModel
[2024-04-03 22:00] Requested to load ControlNet
[2024-04-03 22:00] Loading 2 new models
[2024-04-03 22:00] sampler_name = euler_test
[2024-04-03 22:00] sampler_name = euler_test
[2024-04-03 22:00] sampler_name = euler_test
[2024-04-03 22:01] -----------------------------------------
[2024-04-03 22:01] Prompt executed in 12.76 seconds
[2024-04-03 22:01] got prompt
[2024-04-03 22:01] Requested to load SD1ClipModel
[2024-04-03 22:01] Loading 1 new model
[2024-04-03 22:01] ----------------------------------------
[2024-04-03 22:01] [36mEfficient Loader (LACE) Models Cache:[0m
[2024-04-03 22:01] Ckpt:
[2024-04-03 22:01]   [1] v1-5-pruned-emaonly
[2024-04-03 22:01] Vae:
[2024-04-03 22:01]   [1] vae-ft-ema
[2024-04-03 22:01] Lora:
[2024-04-03 22:01]   [1] base_ckpt: v1-5-pruned-emaonly
[2024-04-03 22:01]       lora(mod,clip): CUBISM-ART(1,1)
[2024-04-03 22:01]       lora(mod,clip): BAROQUE-ART(1,1)
[2024-04-03 22:01] model: <comfy.model_patcher.ModelPatcher object at 0x000001F260CC5D90>
[2024-04-03 22:01] Requested to load BaseModel
[2024-04-03 22:01] Requested to load ControlNet
[2024-04-03 22:01] Loading 2 new models
[2024-04-03 22:01] sampler_name = euler_test
[2024-04-03 22:01] sampler_name = euler_test
[2024-04-03 22:01] sampler_name = euler_test
[2024-04-03 22:01] -----------------------------------------
[2024-04-03 22:01] Prompt executed in 12.44 seconds
